Vivado Simulator v2023.2
Copyright 1986-2022 Xilinx, Inc. All Rights Reserved.
Copyright 2022-2023 Advanced Micro Devices, Inc. All Rights Reserved.
Running: C:/Xilinx/Vivado/2023.2/bin/unwrapped/win64.o/xelab.exe --incr --debug typical --relax --mt 2 -L xil_defaultlib -L unisims_ver -L unimacro_ver -L secureip -L xpm --snapshot toplevel_tb_behav xil_defaultlib.toplevel_tb xil_defaultlib.glbl -log elaborate.log 
Using 2 slave threads.
Starting static elaboration
Pass Through NonSizing Optimizer
Completed static elaboration
Starting simulation data flow analysis
Completed simulation data flow analysis
Time Resolution for simulation is 1ps
Compiling package std.standard
Compiling package std.textio
Compiling package ieee.std_logic_1164
Compiling package ieee.numeric_std
Compiling package unisim.vcomponents
Compiling package ieee.vital_timing
Compiling package ieee.vital_primitives
Compiling package unisim.vpkg
Compiling package vl.vl_types
Compiling module xil_defaultlib.glbl
Compiling architecture behavioral of entity xil_defaultlib.ad_9467_model [ad_9467_model_default]
Compiling architecture ibufds_v of entity unisim.IBUFDS [\IBUFDS(iostandard="LVDS_25")(1,...]
Compiling architecture iddr_v of entity unisim.IDDR [\IDDR(ddr_clk_edge="SAME_EDGE_PI...]
Compiling module unisims_ver.IBUFDS
Compiling module unisims_ver.MMCME2_ADV(CLKFBOUT_MULT_F=8.0,C...
Compiling module unisims_ver.BUFG
Compiling module xil_defaultlib.clk_wiz_0_clk_wiz
Compiling module xil_defaultlib.clk_wiz_0
Compiling architecture behavioral of entity xil_defaultlib.AD9467_INTERFACE [ad9467_interface_default]
Compiling architecture behavioral of entity xil_defaultlib.toplevel_tb
Built simulation snapshot toplevel_tb_behav
